Using pre-set license
Built from '2020.3/release' branch; Version is '2020.3.12f1 (b3b2c6512326) revision 11776710'; Using compiler version '192528614'; Build Type 'Release'
OS: 'Windows 10 Home; OS build 19042.1237; Version 2009; 64bit' Language: 'en' Physical Memory: 16323 MB
BatchMode: 1, IsHumanControllingUs: 0, StartBugReporterOnCrash: 0, Is64bit: 1, IsPro: 0

 COMMAND LINE ARGUMENTS:
C:\Program Files\Unity\2020.3.12f1\Editor\Unity.exe
-adb2
-batchMode
-noUpm
-name
AssetImportWorker0
-projectPath
C:/Users/Admin/Documents/Unity Projects/Archipelago
-logFile
Logs/AssetImportWorker0.log
-srvPort
54785
Successfully changed project path to: C:/Users/Admin/Documents/Unity Projects/Archipelago
C:/Users/Admin/Documents/Unity Projects/Archipelago
Using Asset Import Pipeline V2.
Refreshing native plugins compatible for Editor in 65.84 ms, found 6 plugins.
Preloading 0 native plugins for Editor in 0.00 ms.
Initialize engine version: 2020.3.12f1 (b3b2c6512326)
[Subsystems] Discovering subsystems at path C:/Program Files/Unity/2020.3.12f1/Editor/Data/Resources/UnitySubsystems
[Subsystems] Discovering subsystems at path C:/Users/Admin/Documents/Unity Projects/Archipelago/Assets
GfxDevice: creating device client; threaded=0
Direct3D:
    Version:  Direct3D 11.0 [level 11.1]
    Renderer: NVIDIA GeForce GTX 1660 Ti (ID=0x2182)
    Vendor:   
    VRAM:     5991 MB
    Driver:   30.0.14.7168
Initialize mono
Mono path[0] = 'C:/Program Files/Unity/2020.3.12f1/Editor/Data/Managed'
Mono path[1] = 'C:/Program Files/Unity/2020.3.12f1/Editor/Data/MonoBleedingEdge/lib/mono/unityjit'
Mono config path = 'C:/Program Files/Unity/2020.3.12f1/Editor/Data/MonoBleedingEdge/etc'
Using monoOptions --debugger-agent=transport=dt_socket,embedding=1,server=y,suspend=n,address=127.0.0.1:56228
Begin MonoManager ReloadAssembly
Registering precompiled unity dll's ...
Register platform support module: C:/Program Files/Unity/2020.3.12f1/Editor/Data/PlaybackEngines/WindowsStandaloneSupport/UnityEditor.WindowsStandalone.Extensions.dll
Registered in 0.002030 seconds.
Native extension for WindowsStandalone target not found
Refreshing native plugins compatible for Editor in 60.78 ms, found 6 plugins.
Preloading 0 native plugins for Editor in 0.00 ms.
Mono: successfully reloaded assembly
- Completed reload, in  1.181 seconds
Platform modules already initialized, skipping
Registering precompiled user dll's ...
Registered in 0.008267 seconds.
Begin MonoManager ReloadAssembly
Native extension for WindowsStandalone target not found
Refreshing native plugins compatible for Editor in 83.28 ms, found 6 plugins.
Preloading 0 native plugins for Editor in 0.00 ms.
Mono: successfully reloaded assembly
- Completed reload, in  1.517 seconds
Platform modules already initialized, skipping
========================================================================
Worker process is ready to serve import requests
Launched and connected shader compiler UnityShaderCompiler.exe after 0.05 seconds
Refreshing native plugins compatible for Editor in 0.70 ms, found 6 plugins.
Preloading 0 native plugins for Editor in 0.00 ms.
Unloading 2422 Unused Serialized files (Serialized files now loaded: 0)
System memory in use before: 107.7 MB.
System memory in use after: 107.7 MB.

Unloading 41 unused Assets to reduce memory usage. Loaded Objects now: 2850.
Total: 3.491700 ms (FindLiveObjects: 0.328600 ms CreateObjectMapping: 0.232800 ms MarkObjects: 2.729800 ms  DeleteObjects: 0.199200 ms)

AssetImportParameters requested are different than current active one (requested -> active):
  custom:framework-win-MediaFoundation: 216162199b28c13a410421893ffa2e32 -> 
  custom:video-decoder-ogg-theora: a1e56fd34408186e4bbccfd4996cb3dc -> 
  custom:container-muxer-webm: aa71ff27fc2769a1b78a27578f13a17b -> 
  custom:container-demuxer-webm: 4f35f7cbe854078d1ac9338744f61a02 -> 
  custom:container-demuxer-ogg: 62fdf1f143b41e24485cea50d1cbac27 -> 
  custom:video-encoder-webm-vp8: eb34c28f22e8b96e1ab97ce403110664 -> 
  custom:video-codec-MediaFoundation-h265: 746d11721c4dcdbdad8f713fa42b33f4 -> 
  custom:video-decoder-webm-vp8: 9c59270c3fd7afecdb556c50c9e8de78 -> 
  custom:audio-decoder-ogg-vorbis: bf7c407c2cedff20999df2af8eb42d56 -> 
  custom:audio-encoder-webm-vorbis: bf7c407c2cedff20999df2af8eb42d56 -> 
========================================================================
Received Import Request.
  path: Assets/Prefabs/Items/spool.prefab
  artifactKey: Guid(a59b6ebd1e3f8294eb107cb96a0499c0) Importer(815301076,1909f56bfc062723c751e8b465ee728b)
Start importing Assets/Prefabs/Items/spool.prefab using Guid(a59b6ebd1e3f8294eb107cb96a0499c0) Importer(815301076,1909f56bfc062723c751e8b465ee728b)  -> (artifact id: '06f553aebe2dce53a39dda8ca2b3405b') in 0.063600 seconds 
  Import took 0.068329 seconds .

========================================================================
Received Import Request.
  Time since last request: 9.582502 seconds.
  path: Assets/Prefabs/Items/spool.prefab
  artifactKey: Guid(a59b6ebd1e3f8294eb107cb96a0499c0) Importer(815301076,1909f56bfc062723c751e8b465ee728b)
Start importing Assets/Prefabs/Items/spool.prefab using Guid(a59b6ebd1e3f8294eb107cb96a0499c0) Importer(815301076,1909f56bfc062723c751e8b465ee728b)  -> (artifact id: '72432a096d41154dfe1f7147f38087c3') in 0.007840 seconds 
  Import took 0.016262 seconds .

========================================================================
Received Import Request.
  Time since last request: 22.003459 seconds.
  path: Assets/Prefabs/Items/bottle.prefab
  artifactKey: Guid(fd17c9803342a72448a24945b90c7434) Importer(815301076,1909f56bfc062723c751e8b465ee728b)
Start importing Assets/Prefabs/Items/bottle.prefab using Guid(fd17c9803342a72448a24945b90c7434) Importer(815301076,1909f56bfc062723c751e8b465ee728b)  -> (artifact id: '1ac37495f8570c1c3ea3b9bf6728ba30') in 0.010924 seconds 
  Import took 0.017904 seconds .

========================================================================
Received Import Request.
  Time since last request: 5.601761 seconds.
  path: Assets/Prefabs/Items/bottle.prefab
  artifactKey: Guid(fd17c9803342a72448a24945b90c7434) Importer(815301076,1909f56bfc062723c751e8b465ee728b)
Start importing Assets/Prefabs/Items/bottle.prefab using Guid(fd17c9803342a72448a24945b90c7434) Importer(815301076,1909f56bfc062723c751e8b465ee728b)  -> (artifact id: 'e867c7138135ec190b254a3113041aac') in 0.004458 seconds 
  Import took 0.009719 seconds .

========================================================================
Received Import Request.
  Time since last request: 14.529282 seconds.
  path: Assets/Prefabs/Items/_Item.prefab
  artifactKey: Guid(0284b584841480b4bbf52af19953aef1) Importer(815301076,1909f56bfc062723c751e8b465ee728b)
Start importing Assets/Prefabs/Items/_Item.prefab using Guid(0284b584841480b4bbf52af19953aef1) Importer(815301076,1909f56bfc062723c751e8b465ee728b)  -> (artifact id: '20ee6dc0594c88875c976395ede2d6e6') in 0.008097 seconds 
  Import took 0.013012 seconds .

========================================================================
Received Import Request.
  Time since last request: 14.295114 seconds.
  path: Assets/Prefabs/Items/d.prefab
  artifactKey: Guid(59b22c3d0ab1feb409ff5f7e954aaf39) Importer(815301076,1909f56bfc062723c751e8b465ee728b)
Start importing Assets/Prefabs/Items/d.prefab using Guid(59b22c3d0ab1feb409ff5f7e954aaf39) Importer(815301076,1909f56bfc062723c751e8b465ee728b)  -> (artifact id: 'fb3693e4e2dab790037622de3d08d08e') in 0.008581 seconds 
  Import took 0.013242 seconds .

========================================================================
Received Import Request.
  Time since last request: 1.941347 seconds.
  path: Assets/Prefabs/Items/spool.prefab
  artifactKey: Guid(a59b6ebd1e3f8294eb107cb96a0499c0) Importer(815301076,1909f56bfc062723c751e8b465ee728b)
Start importing Assets/Prefabs/Items/spool.prefab using Guid(a59b6ebd1e3f8294eb107cb96a0499c0) Importer(815301076,1909f56bfc062723c751e8b465ee728b)  -> (artifact id: 'b169a63322e3e79b206c9e3e709abc34') in 0.005554 seconds 
  Import took 0.010455 seconds .

========================================================================
Received Import Request.
  Time since last request: 6.579820 seconds.
  path: Assets/Prefabs/Items/d.prefab
  artifactKey: Guid(59b22c3d0ab1feb409ff5f7e954aaf39) Importer(815301076,1909f56bfc062723c751e8b465ee728b)
Start importing Assets/Prefabs/Items/d.prefab using Guid(59b22c3d0ab1feb409ff5f7e954aaf39) Importer(815301076,1909f56bfc062723c751e8b465ee728b)  -> (artifact id: '2bd16d7559a0c6ec4dd1e689d313425b') in 0.004426 seconds 
  Import took 0.009370 seconds .

========================================================================
Received Import Request.
  Time since last request: 2.171185 seconds.
  path: Assets/Prefabs/Items/plant.prefab
  artifactKey: Guid(59b22c3d0ab1feb409ff5f7e954aaf39) Importer(815301076,1909f56bfc062723c751e8b465ee728b)
Start importing Assets/Prefabs/Items/plant.prefab using Guid(59b22c3d0ab1feb409ff5f7e954aaf39) Importer(815301076,1909f56bfc062723c751e8b465ee728b)  -> (artifact id: '1dcba6175ceb130b97438ab7a00dcb4f') in 0.009200 seconds 
  Import took 0.014930 seconds .

========================================================================
Received Import Request.
  Time since last request: 35.148171 seconds.
  path: Assets/Prefabs/Items/book.prefab
  artifactKey: Guid(80d91de486480c94ca080692dd4923a1) Importer(815301076,1909f56bfc062723c751e8b465ee728b)
Start importing Assets/Prefabs/Items/book.prefab using Guid(80d91de486480c94ca080692dd4923a1) Importer(815301076,1909f56bfc062723c751e8b465ee728b)  -> (artifact id: '1f07ed13c3f893c69e3e53afd5e73aeb') in 0.067972 seconds 
  Import took 0.073648 seconds .

========================================================================
Received Import Request.
  Time since last request: 1.250832 seconds.
  path: Assets/Prefabs/Items/bottle.prefab
  artifactKey: Guid(fd17c9803342a72448a24945b90c7434) Importer(815301076,1909f56bfc062723c751e8b465ee728b)
Start importing Assets/Prefabs/Items/bottle.prefab using Guid(fd17c9803342a72448a24945b90c7434) Importer(815301076,1909f56bfc062723c751e8b465ee728b)  -> (artifact id: 'eae1ac36640453c094f2c50afd31dc9c') in 0.007968 seconds 
  Import took 0.014365 seconds .

========================================================================
Received Import Request.
  Time since last request: 1.588314 seconds.
  path: Assets/Prefabs/Items/battery.prefab
  artifactKey: Guid(c245144c3a78d4b48990001c5136e66b) Importer(815301076,1909f56bfc062723c751e8b465ee728b)
Start importing Assets/Prefabs/Items/battery.prefab using Guid(c245144c3a78d4b48990001c5136e66b) Importer(815301076,1909f56bfc062723c751e8b465ee728b)  -> (artifact id: 'a2af720aa5c54b0c46732a2105b59094') in 0.014382 seconds 
  Import took 0.019673 seconds .

========================================================================
Received Import Request.
  Time since last request: 0.004547 seconds.
  path: Assets/Prefabs/Items/battery.prefab
  artifactKey: Guid(c245144c3a78d4b48990001c5136e66b) Importer(815301076,1909f56bfc062723c751e8b465ee728b)
Start importing Assets/Prefabs/Items/battery.prefab using Guid(c245144c3a78d4b48990001c5136e66b) Importer(815301076,1909f56bfc062723c751e8b465ee728b)  -> (artifact id: 'a2af720aa5c54b0c46732a2105b59094') in 0.014256 seconds 
  Import took 0.019092 seconds .

========================================================================
Received Import Request.
  Time since last request: 88.422241 seconds.
  path: Assets/Prefabs/Items/plant.prefab
  artifactKey: Guid(59b22c3d0ab1feb409ff5f7e954aaf39) Importer(815301076,1909f56bfc062723c751e8b465ee728b)
Start importing Assets/Prefabs/Items/plant.prefab using Guid(59b22c3d0ab1feb409ff5f7e954aaf39) Importer(815301076,1909f56bfc062723c751e8b465ee728b)  -> (artifact id: 'c2ffbbcbebb64f30c5e07878fe78662f') in 0.012613 seconds 
  Import took 0.018748 seconds .

========================================================================
Received Import Request.
  Time since last request: 0.002639 seconds.
  path: Assets/Prefabs/Items/plant.prefab
  artifactKey: Guid(59b22c3d0ab1feb409ff5f7e954aaf39) Importer(815301076,1909f56bfc062723c751e8b465ee728b)
Start importing Assets/Prefabs/Items/plant.prefab using Guid(59b22c3d0ab1feb409ff5f7e954aaf39) Importer(815301076,1909f56bfc062723c751e8b465ee728b)  -> (artifact id: 'c2ffbbcbebb64f30c5e07878fe78662f') in 0.009626 seconds 
  Import took 0.014275 seconds .

========================================================================
Received Import Request.
  Time since last request: 41.649478 seconds.
  path: Assets/Prefabs/Items/bottle.prefab
  artifactKey: Guid(fd17c9803342a72448a24945b90c7434) Importer(815301076,1909f56bfc062723c751e8b465ee728b)
Start importing Assets/Prefabs/Items/bottle.prefab using Guid(fd17c9803342a72448a24945b90c7434) Importer(815301076,1909f56bfc062723c751e8b465ee728b)  -> (artifact id: '1a0c26f1b0edbc3431bfc52ec49bb303') in 0.012083 seconds 
  Import took 0.018353 seconds .

========================================================================
Received Import Request.
  Time since last request: 0.002946 seconds.
  path: Assets/Prefabs/Items/bottle.prefab
  artifactKey: Guid(fd17c9803342a72448a24945b90c7434) Importer(815301076,1909f56bfc062723c751e8b465ee728b)
Start importing Assets/Prefabs/Items/bottle.prefab using Guid(fd17c9803342a72448a24945b90c7434) Importer(815301076,1909f56bfc062723c751e8b465ee728b)  -> (artifact id: '1a0c26f1b0edbc3431bfc52ec49bb303') in 0.007550 seconds 
  Import took 0.012522 seconds .

========================================================================
Received Prepare
Registering precompiled user dll's ...
Registered in 0.005426 seconds.
Begin MonoManager ReloadAssembly
Native extension for WindowsStandalone target not found
Refreshing native plugins compatible for Editor in 0.68 ms, found 6 plugins.
Preloading 0 native plugins for Editor in 0.00 ms.
Mono: successfully reloaded assembly
- Completed reload, in  1.342 seconds
Platform modules already initialized, skipping
Refreshing native plugins compatible for Editor in 0.74 ms, found 6 plugins.
Preloading 0 native plugins for Editor in 0.00 ms.
Unloading 2396 Unused Serialized files (Serialized files now loaded: 0)
System memory in use before: 108.8 MB.
System memory in use after: 108.8 MB.

Unloading 29 unused Assets to reduce memory usage. Loaded Objects now: 2861.
Total: 2.997300 ms (FindLiveObjects: 0.301400 ms CreateObjectMapping: 0.210000 ms MarkObjects: 2.310400 ms  DeleteObjects: 0.174400 ms)

AssetImportParameters requested are different than current active one (requested -> active):
  custom:framework-win-MediaFoundation: 216162199b28c13a410421893ffa2e32 -> 
  custom:video-decoder-ogg-theora: a1e56fd34408186e4bbccfd4996cb3dc -> 
  custom:container-muxer-webm: aa71ff27fc2769a1b78a27578f13a17b -> 
  custom:container-demuxer-webm: 4f35f7cbe854078d1ac9338744f61a02 -> 
  custom:container-demuxer-ogg: 62fdf1f143b41e24485cea50d1cbac27 -> 
  custom:video-encoder-webm-vp8: eb34c28f22e8b96e1ab97ce403110664 -> 
  custom:video-codec-MediaFoundation-h265: 746d11721c4dcdbdad8f713fa42b33f4 -> 
  custom:video-decoder-webm-vp8: 9c59270c3fd7afecdb556c50c9e8de78 -> 
  custom:audio-decoder-ogg-vorbis: bf7c407c2cedff20999df2af8eb42d56 -> 
  custom:audio-encoder-webm-vorbis: bf7c407c2cedff20999df2af8eb42d56 -> 
========================================================================
Received Prepare
Registering precompiled user dll's ...
Registered in 0.005285 seconds.
Begin MonoManager ReloadAssembly
Native extension for WindowsStandalone target not found
Refreshing native plugins compatible for Editor in 1.08 ms, found 6 plugins.
Preloading 0 native plugins for Editor in 0.00 ms.
Mono: successfully reloaded assembly
- Completed reload, in  1.713 seconds
Platform modules already initialized, skipping
Refreshing native plugins compatible for Editor in 0.75 ms, found 6 plugins.
Preloading 0 native plugins for Editor in 0.00 ms.
Unloading 2396 Unused Serialized files (Serialized files now loaded: 0)
System memory in use before: 108.8 MB.
System memory in use after: 108.9 MB.

Unloading 29 unused Assets to reduce memory usage. Loaded Objects now: 2865.
Total: 2.786900 ms (FindLiveObjects: 0.222200 ms CreateObjectMapping: 0.103300 ms MarkObjects: 2.296200 ms  DeleteObjects: 0.164300 ms)

AssetImportParameters requested are different than current active one (requested -> active):
  custom:framework-win-MediaFoundation: 216162199b28c13a410421893ffa2e32 -> 
  custom:video-decoder-ogg-theora: a1e56fd34408186e4bbccfd4996cb3dc -> 
  custom:container-muxer-webm: aa71ff27fc2769a1b78a27578f13a17b -> 
  custom:container-demuxer-webm: 4f35f7cbe854078d1ac9338744f61a02 -> 
  custom:container-demuxer-ogg: 62fdf1f143b41e24485cea50d1cbac27 -> 
  custom:video-encoder-webm-vp8: eb34c28f22e8b96e1ab97ce403110664 -> 
  custom:video-codec-MediaFoundation-h265: 746d11721c4dcdbdad8f713fa42b33f4 -> 
  custom:video-decoder-webm-vp8: 9c59270c3fd7afecdb556c50c9e8de78 -> 
  custom:audio-decoder-ogg-vorbis: bf7c407c2cedff20999df2af8eb42d56 -> 
  custom:audio-encoder-webm-vorbis: bf7c407c2cedff20999df2af8eb42d56 -> 
========================================================================
Received Prepare
Registering precompiled user dll's ...
Registered in 0.005429 seconds.
Begin MonoManager ReloadAssembly
Native extension for WindowsStandalone target not found
Refreshing native plugins compatible for Editor in 0.76 ms, found 6 plugins.
Preloading 0 native plugins for Editor in 0.00 ms.
Mono: successfully reloaded assembly
- Completed reload, in  1.251 seconds
Platform modules already initialized, skipping
Refreshing native plugins compatible for Editor in 0.74 ms, found 6 plugins.
Preloading 0 native plugins for Editor in 0.00 ms.
Unloading 2396 Unused Serialized files (Serialized files now loaded: 0)
System memory in use before: 108.8 MB.
System memory in use after: 108.9 MB.

Unloading 29 unused Assets to reduce memory usage. Loaded Objects now: 2869.
Total: 3.174700 ms (FindLiveObjects: 0.447800 ms CreateObjectMapping: 0.252700 ms MarkObjects: 2.321000 ms  DeleteObjects: 0.152300 ms)

AssetImportParameters requested are different than current active one (requested -> active):
  custom:framework-win-MediaFoundation: 216162199b28c13a410421893ffa2e32 -> 
  custom:video-decoder-ogg-theora: a1e56fd34408186e4bbccfd4996cb3dc -> 
  custom:container-muxer-webm: aa71ff27fc2769a1b78a27578f13a17b -> 
  custom:container-demuxer-webm: 4f35f7cbe854078d1ac9338744f61a02 -> 
  custom:container-demuxer-ogg: 62fdf1f143b41e24485cea50d1cbac27 -> 
  custom:video-encoder-webm-vp8: eb34c28f22e8b96e1ab97ce403110664 -> 
  custom:video-codec-MediaFoundation-h265: 746d11721c4dcdbdad8f713fa42b33f4 -> 
  custom:video-decoder-webm-vp8: 9c59270c3fd7afecdb556c50c9e8de78 -> 
  custom:audio-decoder-ogg-vorbis: bf7c407c2cedff20999df2af8eb42d56 -> 
  custom:audio-encoder-webm-vorbis: bf7c407c2cedff20999df2af8eb42d56 -> 
========================================================================
Received Prepare
Registering precompiled user dll's ...
Registered in 0.005079 seconds.
Begin MonoManager ReloadAssembly
Native extension for WindowsStandalone target not found
Refreshing native plugins compatible for Editor in 0.66 ms, found 6 plugins.
Preloading 0 native plugins for Editor in 0.00 ms.
Mono: successfully reloaded assembly
- Completed reload, in  1.339 seconds
Platform modules already initialized, skipping
Refreshing native plugins compatible for Editor in 0.83 ms, found 6 plugins.
Preloading 0 native plugins for Editor in 0.00 ms.
Unloading 2396 Unused Serialized files (Serialized files now loaded: 0)
System memory in use before: 108.9 MB.
System memory in use after: 108.9 MB.

Unloading 29 unused Assets to reduce memory usage. Loaded Objects now: 2873.
Total: 3.147100 ms (FindLiveObjects: 0.278300 ms CreateObjectMapping: 0.202100 ms MarkObjects: 2.520300 ms  DeleteObjects: 0.145600 ms)

AssetImportParameters requested are different than current active one (requested -> active):
  custom:framework-win-MediaFoundation: 216162199b28c13a410421893ffa2e32 -> 
  custom:video-decoder-ogg-theora: a1e56fd34408186e4bbccfd4996cb3dc -> 
  custom:container-muxer-webm: aa71ff27fc2769a1b78a27578f13a17b -> 
  custom:container-demuxer-webm: 4f35f7cbe854078d1ac9338744f61a02 -> 
  custom:container-demuxer-ogg: 62fdf1f143b41e24485cea50d1cbac27 -> 
  custom:video-encoder-webm-vp8: eb34c28f22e8b96e1ab97ce403110664 -> 
  custom:video-codec-MediaFoundation-h265: 746d11721c4dcdbdad8f713fa42b33f4 -> 
  custom:video-decoder-webm-vp8: 9c59270c3fd7afecdb556c50c9e8de78 -> 
  custom:audio-decoder-ogg-vorbis: bf7c407c2cedff20999df2af8eb42d56 -> 
  custom:audio-encoder-webm-vorbis: bf7c407c2cedff20999df2af8eb42d56 -> 
========================================================================
Received Prepare
Registering precompiled user dll's ...
Registered in 0.005029 seconds.
Begin MonoManager ReloadAssembly
Native extension for WindowsStandalone target not found
Refreshing native plugins compatible for Editor in 0.67 ms, found 6 plugins.
Preloading 0 native plugins for Editor in 0.00 ms.
Mono: successfully reloaded assembly
- Completed reload, in  1.175 seconds
Platform modules already initialized, skipping
Refreshing native plugins compatible for Editor in 0.83 ms, found 6 plugins.
Preloading 0 native plugins for Editor in 0.00 ms.
Unloading 2396 Unused Serialized files (Serialized files now loaded: 0)
System memory in use before: 108.8 MB.
System memory in use after: 108.8 MB.

Unloading 29 unused Assets to reduce memory usage. Loaded Objects now: 2877.
Total: 3.037900 ms (FindLiveObjects: 0.327700 ms CreateObjectMapping: 0.231200 ms MarkObjects: 2.325300 ms  DeleteObjects: 0.152500 ms)

AssetImportParameters requested are different than current active one (requested -> active):
  custom:framework-win-MediaFoundation: 216162199b28c13a410421893ffa2e32 -> 
  custom:video-decoder-ogg-theora: a1e56fd34408186e4bbccfd4996cb3dc -> 
  custom:container-muxer-webm: aa71ff27fc2769a1b78a27578f13a17b -> 
  custom:container-demuxer-webm: 4f35f7cbe854078d1ac9338744f61a02 -> 
  custom:container-demuxer-ogg: 62fdf1f143b41e24485cea50d1cbac27 -> 
  custom:video-encoder-webm-vp8: eb34c28f22e8b96e1ab97ce403110664 -> 
  custom:video-codec-MediaFoundation-h265: 746d11721c4dcdbdad8f713fa42b33f4 -> 
  custom:video-decoder-webm-vp8: 9c59270c3fd7afecdb556c50c9e8de78 -> 
  custom:audio-decoder-ogg-vorbis: bf7c407c2cedff20999df2af8eb42d56 -> 
  custom:audio-encoder-webm-vorbis: bf7c407c2cedff20999df2af8eb42d56 -> 
========================================================================
Received Prepare
Registering precompiled user dll's ...
Registered in 0.006372 seconds.
Begin MonoManager ReloadAssembly
Native extension for WindowsStandalone target not found
Refreshing native plugins compatible for Editor in 1.27 ms, found 6 plugins.
Preloading 0 native plugins for Editor in 0.00 ms.
Mono: successfully reloaded assembly
- Completed reload, in  1.577 seconds
Platform modules already initialized, skipping
Refreshing native plugins compatible for Editor in 1.34 ms, found 6 plugins.
Preloading 0 native plugins for Editor in 0.00 ms.
Unloading 2396 Unused Serialized files (Serialized files now loaded: 0)
System memory in use before: 108.9 MB.
System memory in use after: 109.0 MB.

Unloading 29 unused Assets to reduce memory usage. Loaded Objects now: 2881.
Total: 3.622900 ms (FindLiveObjects: 0.306200 ms CreateObjectMapping: 0.230900 ms MarkObjects: 2.955100 ms  DeleteObjects: 0.129300 ms)

AssetImportParameters requested are different than current active one (requested -> active):
  custom:framework-win-MediaFoundation: 216162199b28c13a410421893ffa2e32 -> 
  custom:video-decoder-ogg-theora: a1e56fd34408186e4bbccfd4996cb3dc -> 
  custom:container-muxer-webm: aa71ff27fc2769a1b78a27578f13a17b -> 
  custom:container-demuxer-webm: 4f35f7cbe854078d1ac9338744f61a02 -> 
  custom:container-demuxer-ogg: 62fdf1f143b41e24485cea50d1cbac27 -> 
  custom:video-encoder-webm-vp8: eb34c28f22e8b96e1ab97ce403110664 -> 
  custom:video-codec-MediaFoundation-h265: 746d11721c4dcdbdad8f713fa42b33f4 -> 
  custom:video-decoder-webm-vp8: 9c59270c3fd7afecdb556c50c9e8de78 -> 
  custom:audio-decoder-ogg-vorbis: bf7c407c2cedff20999df2af8eb42d56 -> 
  custom:audio-encoder-webm-vorbis: bf7c407c2cedff20999df2af8eb42d56 -> 
========================================================================
Received Import Request.
  Time since last request: 1519.567927 seconds.
  path: Assets/Scriptable Object Assets/so_GenericDialogueList.asset
  artifactKey: Guid(c8480affe52602743b2fae86fe46b107) Importer(815301076,1909f56bfc062723c751e8b465ee728b)
Start importing Assets/Scriptable Object Assets/so_GenericDialogueList.asset using Guid(c8480affe52602743b2fae86fe46b107) Importer(815301076,1909f56bfc062723c751e8b465ee728b)  -> (artifact id: '767ef1ed15202b7fbeeee332c27aa97b') in 0.035945 seconds 
  Import took 0.042000 seconds .

========================================================================
Received Prepare
Registering precompiled user dll's ...
Registered in 0.005729 seconds.
Begin MonoManager ReloadAssembly
Native extension for WindowsStandalone target not found
Refreshing native plugins compatible for Editor in 0.76 ms, found 6 plugins.
Preloading 0 native plugins for Editor in 0.00 ms.
Mono: successfully reloaded assembly
- Completed reload, in  1.543 seconds
Platform modules already initialized, skipping
Refreshing native plugins compatible for Editor in 0.72 ms, found 6 plugins.
Preloading 0 native plugins for Editor in 0.00 ms.
Unloading 2396 Unused Serialized files (Serialized files now loaded: 0)
System memory in use before: 108.9 MB.
System memory in use after: 109.0 MB.

Unloading 29 unused Assets to reduce memory usage. Loaded Objects now: 2885.
Total: 3.012900 ms (FindLiveObjects: 0.293500 ms CreateObjectMapping: 0.234400 ms MarkObjects: 2.326000 ms  DeleteObjects: 0.158000 ms)

AssetImportParameters requested are different than current active one (requested -> active):
  custom:framework-win-MediaFoundation: 216162199b28c13a410421893ffa2e32 -> 
  custom:video-decoder-ogg-theora: a1e56fd34408186e4bbccfd4996cb3dc -> 
  custom:container-muxer-webm: aa71ff27fc2769a1b78a27578f13a17b -> 
  custom:container-demuxer-webm: 4f35f7cbe854078d1ac9338744f61a02 -> 
  custom:container-demuxer-ogg: 62fdf1f143b41e24485cea50d1cbac27 -> 
  custom:video-encoder-webm-vp8: eb34c28f22e8b96e1ab97ce403110664 -> 
  custom:video-codec-MediaFoundation-h265: 746d11721c4dcdbdad8f713fa42b33f4 -> 
  custom:video-decoder-webm-vp8: 9c59270c3fd7afecdb556c50c9e8de78 -> 
  custom:audio-decoder-ogg-vorbis: bf7c407c2cedff20999df2af8eb42d56 -> 
  custom:audio-encoder-webm-vorbis: bf7c407c2cedff20999df2af8eb42d56 -> 
========================================================================
Received Prepare
Registering precompiled user dll's ...
Registered in 0.007824 seconds.
Begin MonoManager ReloadAssembly
Native extension for WindowsStandalone target not found
Refreshing native plugins compatible for Editor in 1.01 ms, found 6 plugins.
Preloading 0 native plugins for Editor in 0.00 ms.
Mono: successfully reloaded assembly
- Completed reload, in  1.292 seconds
Platform modules already initialized, skipping
Refreshing native plugins compatible for Editor in 0.71 ms, found 6 plugins.
Preloading 0 native plugins for Editor in 0.00 ms.
Unloading 2396 Unused Serialized files (Serialized files now loaded: 0)
System memory in use before: 108.9 MB.
System memory in use after: 109.0 MB.

Unloading 29 unused Assets to reduce memory usage. Loaded Objects now: 2889.
Total: 2.777500 ms (FindLiveObjects: 0.271100 ms CreateObjectMapping: 0.117800 ms MarkObjects: 2.233800 ms  DeleteObjects: 0.153900 ms)

AssetImportParameters requested are different than current active one (requested -> active):
  custom:framework-win-MediaFoundation: 216162199b28c13a410421893ffa2e32 -> 
  custom:video-decoder-ogg-theora: a1e56fd34408186e4bbccfd4996cb3dc -> 
  custom:container-muxer-webm: aa71ff27fc2769a1b78a27578f13a17b -> 
  custom:container-demuxer-webm: 4f35f7cbe854078d1ac9338744f61a02 -> 
  custom:container-demuxer-ogg: 62fdf1f143b41e24485cea50d1cbac27 -> 
  custom:video-encoder-webm-vp8: eb34c28f22e8b96e1ab97ce403110664 -> 
  custom:video-codec-MediaFoundation-h265: 746d11721c4dcdbdad8f713fa42b33f4 -> 
  custom:video-decoder-webm-vp8: 9c59270c3fd7afecdb556c50c9e8de78 -> 
  custom:audio-decoder-ogg-vorbis: bf7c407c2cedff20999df2af8eb42d56 -> 
  custom:audio-encoder-webm-vorbis: bf7c407c2cedff20999df2af8eb42d56 -> 
========================================================================
Received Import Request.
  Time since last request: 606.720404 seconds.
  path: Assets/Scriptable Object Assets/so_NPCList.asset
  artifactKey: Guid(530c7d6d8c75d4043a47223b68d64e1e) Importer(815301076,1909f56bfc062723c751e8b465ee728b)
Start importing Assets/Scriptable Object Assets/so_NPCList.asset using Guid(530c7d6d8c75d4043a47223b68d64e1e) Importer(815301076,1909f56bfc062723c751e8b465ee728b)  -> (artifact id: 'e0c438c3c1e0458982d8d50d64d07c6f') in 0.019257 seconds 
  Import took 0.024900 seconds .

========================================================================
Received Import Request.
  Time since last request: 0.017510 seconds.
  path: Assets/Scriptable Object Assets/so_NPCList.asset
  artifactKey: Guid(530c7d6d8c75d4043a47223b68d64e1e) Importer(815301076,1909f56bfc062723c751e8b465ee728b)
Start importing Assets/Scriptable Object Assets/so_NPCList.asset using Guid(530c7d6d8c75d4043a47223b68d64e1e) Importer(815301076,1909f56bfc062723c751e8b465ee728b)  -> (artifact id: 'e0c438c3c1e0458982d8d50d64d07c6f') in 0.003292 seconds 
  Import took 0.008016 seconds .

========================================================================
Received Prepare
Registering precompiled user dll's ...
Registered in 0.005699 seconds.
Begin MonoManager ReloadAssembly
Native extension for WindowsStandalone target not found
Refreshing native plugins compatible for Editor in 0.81 ms, found 6 plugins.
Preloading 0 native plugins for Editor in 0.00 ms.
Mono: successfully reloaded assembly
- Completed reload, in  1.229 seconds
Platform modules already initialized, skipping
Refreshing native plugins compatible for Editor in 0.70 ms, found 6 plugins.
Preloading 0 native plugins for Editor in 0.00 ms.
Unloading 2396 Unused Serialized files (Serialized files now loaded: 0)
System memory in use before: 109.0 MB.
System memory in use after: 109.1 MB.

Unloading 29 unused Assets to reduce memory usage. Loaded Objects now: 2893.
Total: 3.512600 ms (FindLiveObjects: 0.364200 ms CreateObjectMapping: 0.221700 ms MarkObjects: 2.769000 ms  DeleteObjects: 0.156700 ms)

AssetImportParameters requested are different than current active one (requested -> active):
  custom:framework-win-MediaFoundation: 216162199b28c13a410421893ffa2e32 -> 
  custom:video-decoder-ogg-theora: a1e56fd34408186e4bbccfd4996cb3dc -> 
  custom:container-muxer-webm: aa71ff27fc2769a1b78a27578f13a17b -> 
  custom:container-demuxer-webm: 4f35f7cbe854078d1ac9338744f61a02 -> 
  custom:container-demuxer-ogg: 62fdf1f143b41e24485cea50d1cbac27 -> 
  custom:video-encoder-webm-vp8: eb34c28f22e8b96e1ab97ce403110664 -> 
  custom:video-codec-MediaFoundation-h265: 746d11721c4dcdbdad8f713fa42b33f4 -> 
  custom:video-decoder-webm-vp8: 9c59270c3fd7afecdb556c50c9e8de78 -> 
  custom:audio-decoder-ogg-vorbis: bf7c407c2cedff20999df2af8eb42d56 -> 
  custom:audio-encoder-webm-vorbis: bf7c407c2cedff20999df2af8eb42d56 -> 
========================================================================
Received Prepare
Registering precompiled user dll's ...
Registered in 0.005415 seconds.
Begin MonoManager ReloadAssembly
Native extension for WindowsStandalone target not found
Refreshing native plugins compatible for Editor in 1.02 ms, found 6 plugins.
Preloading 0 native plugins for Editor in 0.00 ms.
Mono: successfully reloaded assembly
- Completed reload, in  1.323 seconds
Platform modules already initialized, skipping
Refreshing native plugins compatible for Editor in 1.18 ms, found 6 plugins.
Preloading 0 native plugins for Editor in 0.00 ms.
Unloading 2396 Unused Serialized files (Serialized files now loaded: 0)
System memory in use before: 108.9 MB.
System memory in use after: 109.0 MB.

Unloading 29 unused Assets to reduce memory usage. Loaded Objects now: 2897.
Total: 3.359200 ms (FindLiveObjects: 0.327100 ms CreateObjectMapping: 0.228100 ms MarkObjects: 2.667800 ms  DeleteObjects: 0.135000 ms)

AssetImportParameters requested are different than current active one (requested -> active):
  custom:framework-win-MediaFoundation: 216162199b28c13a410421893ffa2e32 -> 
  custom:video-decoder-ogg-theora: a1e56fd34408186e4bbccfd4996cb3dc -> 
  custom:container-muxer-webm: aa71ff27fc2769a1b78a27578f13a17b -> 
  custom:container-demuxer-webm: 4f35f7cbe854078d1ac9338744f61a02 -> 
  custom:container-demuxer-ogg: 62fdf1f143b41e24485cea50d1cbac27 -> 
  custom:video-encoder-webm-vp8: eb34c28f22e8b96e1ab97ce403110664 -> 
  custom:video-codec-MediaFoundation-h265: 746d11721c4dcdbdad8f713fa42b33f4 -> 
  custom:video-decoder-webm-vp8: 9c59270c3fd7afecdb556c50c9e8de78 -> 
  custom:audio-decoder-ogg-vorbis: bf7c407c2cedff20999df2af8eb42d56 -> 
  custom:audio-encoder-webm-vorbis: bf7c407c2cedff20999df2af8eb42d56 -> 
========================================================================
Received Import Request.
  Time since last request: 58.957259 seconds.
  path: Assets/Scriptable Object Assets/so_GenericDialogueList.asset
  artifactKey: Guid(c8480affe52602743b2fae86fe46b107) Importer(815301076,1909f56bfc062723c751e8b465ee728b)
Start importing Assets/Scriptable Object Assets/so_GenericDialogueList.asset using Guid(c8480affe52602743b2fae86fe46b107) Importer(815301076,1909f56bfc062723c751e8b465ee728b)  -> (artifact id: 'fb162d5bd68b75f47d81970de0fe2953') in 0.017839 seconds 
  Import took 0.022652 seconds .

========================================================================
Received Import Request.
  Time since last request: 0.038003 seconds.
  path: Assets/Scriptable Object Assets/so_GenericDialogueList.asset
  artifactKey: Guid(c8480affe52602743b2fae86fe46b107) Importer(815301076,1909f56bfc062723c751e8b465ee728b)
Start importing Assets/Scriptable Object Assets/so_GenericDialogueList.asset using Guid(c8480affe52602743b2fae86fe46b107) Importer(815301076,1909f56bfc062723c751e8b465ee728b)  -> (artifact id: 'fb162d5bd68b75f47d81970de0fe2953') in 0.002799 seconds 
  Import took 0.007348 seconds .

========================================================================
Received Import Request.
  Time since last request: 2.267448 seconds.
  path: Assets/Scriptable Object Assets/so_NPCList.asset
  artifactKey: Guid(530c7d6d8c75d4043a47223b68d64e1e) Importer(815301076,1909f56bfc062723c751e8b465ee728b)
Start importing Assets/Scriptable Object Assets/so_NPCList.asset using Guid(530c7d6d8c75d4043a47223b68d64e1e) Importer(815301076,1909f56bfc062723c751e8b465ee728b)  -> (artifact id: 'c84768ff00b2d1cd9b6efc234b7b3b73') in 0.004224 seconds 
  Import took 0.010694 seconds .

========================================================================
Received Prepare
Registering precompiled user dll's ...
Registered in 0.005172 seconds.
Begin MonoManager ReloadAssembly
Native extension for WindowsStandalone target not found
Refreshing native plugins compatible for Editor in 0.72 ms, found 6 plugins.
Preloading 0 native plugins for Editor in 0.00 ms.
Mono: successfully reloaded assembly
- Completed reload, in  1.167 seconds
Platform modules already initialized, skipping
Refreshing native plugins compatible for Editor in 0.75 ms, found 6 plugins.
Preloading 0 native plugins for Editor in 0.00 ms.
Unloading 2396 Unused Serialized files (Serialized files now loaded: 0)
System memory in use before: 109.0 MB.
System memory in use after: 109.1 MB.

Unloading 29 unused Assets to reduce memory usage. Loaded Objects now: 2901.
Total: 2.903500 ms (FindLiveObjects: 0.279500 ms CreateObjectMapping: 0.197300 ms MarkObjects: 2.287500 ms  DeleteObjects: 0.138000 ms)

AssetImportParameters requested are different than current active one (requested -> active):
  custom:framework-win-MediaFoundation: 216162199b28c13a410421893ffa2e32 -> 
  custom:video-decoder-ogg-theora: a1e56fd34408186e4bbccfd4996cb3dc -> 
  custom:container-muxer-webm: aa71ff27fc2769a1b78a27578f13a17b -> 
  custom:container-demuxer-webm: 4f35f7cbe854078d1ac9338744f61a02 -> 
  custom:container-demuxer-ogg: 62fdf1f143b41e24485cea50d1cbac27 -> 
  custom:video-encoder-webm-vp8: eb34c28f22e8b96e1ab97ce403110664 -> 
  custom:video-codec-MediaFoundation-h265: 746d11721c4dcdbdad8f713fa42b33f4 -> 
  custom:video-decoder-webm-vp8: 9c59270c3fd7afecdb556c50c9e8de78 -> 
  custom:audio-decoder-ogg-vorbis: bf7c407c2cedff20999df2af8eb42d56 -> 
  custom:audio-encoder-webm-vorbis: bf7c407c2cedff20999df2af8eb42d56 -> 
========================================================================
Received Prepare
Registering precompiled user dll's ...
Registered in 0.005316 seconds.
Begin MonoManager ReloadAssembly
Native extension for WindowsStandalone target not found
Refreshing native plugins compatible for Editor in 1.09 ms, found 6 plugins.
Preloading 0 native plugins for Editor in 0.00 ms.
Mono: successfully reloaded assembly
- Completed reload, in  1.354 seconds
Platform modules already initialized, skipping
Refreshing native plugins compatible for Editor in 1.04 ms, found 6 plugins.
Preloading 0 native plugins for Editor in 0.00 ms.
Unloading 2396 Unused Serialized files (Serialized files now loaded: 0)
System memory in use before: 109.0 MB.
System memory in use after: 109.1 MB.

Unloading 29 unused Assets to reduce memory usage. Loaded Objects now: 2905.
Total: 2.909200 ms (FindLiveObjects: 0.282600 ms CreateObjectMapping: 0.201100 ms MarkObjects: 2.273000 ms  DeleteObjects: 0.151600 ms)

AssetImportParameters requested are different than current active one (requested -> active):
  custom:framework-win-MediaFoundation: 216162199b28c13a410421893ffa2e32 -> 
  custom:video-decoder-ogg-theora: a1e56fd34408186e4bbccfd4996cb3dc -> 
  custom:container-muxer-webm: aa71ff27fc2769a1b78a27578f13a17b -> 
  custom:container-demuxer-webm: 4f35f7cbe854078d1ac9338744f61a02 -> 
  custom:container-demuxer-ogg: 62fdf1f143b41e24485cea50d1cbac27 -> 
  custom:video-encoder-webm-vp8: eb34c28f22e8b96e1ab97ce403110664 -> 
  custom:video-codec-MediaFoundation-h265: 746d11721c4dcdbdad8f713fa42b33f4 -> 
  custom:video-decoder-webm-vp8: 9c59270c3fd7afecdb556c50c9e8de78 -> 
  custom:audio-decoder-ogg-vorbis: bf7c407c2cedff20999df2af8eb42d56 -> 
  custom:audio-encoder-webm-vorbis: bf7c407c2cedff20999df2af8eb42d56 -> 
========================================================================
Received Prepare
Registering precompiled user dll's ...
Registered in 0.008441 seconds.
Begin MonoManager ReloadAssembly
Native extension for WindowsStandalone target not found
Refreshing native plugins compatible for Editor in 0.78 ms, found 6 plugins.
Preloading 0 native plugins for Editor in 0.00 ms.
Mono: successfully reloaded assembly
- Completed reload, in  1.589 seconds
Platform modules already initialized, skipping
Refreshing native plugins compatible for Editor in 1.17 ms, found 6 plugins.
Preloading 0 native plugins for Editor in 0.00 ms.
Unloading 2396 Unused Serialized files (Serialized files now loaded: 0)
System memory in use before: 109.0 MB.
System memory in use after: 109.1 MB.

Unloading 29 unused Assets to reduce memory usage. Loaded Objects now: 2909.
Total: 3.641900 ms (FindLiveObjects: 0.352200 ms CreateObjectMapping: 0.330500 ms MarkObjects: 2.709600 ms  DeleteObjects: 0.248200 ms)

AssetImportParameters requested are different than current active one (requested -> active):
  custom:framework-win-MediaFoundation: 216162199b28c13a410421893ffa2e32 -> 
  custom:video-decoder-ogg-theora: a1e56fd34408186e4bbccfd4996cb3dc -> 
  custom:container-muxer-webm: aa71ff27fc2769a1b78a27578f13a17b -> 
  custom:container-demuxer-webm: 4f35f7cbe854078d1ac9338744f61a02 -> 
  custom:container-demuxer-ogg: 62fdf1f143b41e24485cea50d1cbac27 -> 
  custom:video-encoder-webm-vp8: eb34c28f22e8b96e1ab97ce403110664 -> 
  custom:video-codec-MediaFoundation-h265: 746d11721c4dcdbdad8f713fa42b33f4 -> 
  custom:video-decoder-webm-vp8: 9c59270c3fd7afecdb556c50c9e8de78 -> 
  custom:audio-decoder-ogg-vorbis: bf7c407c2cedff20999df2af8eb42d56 -> 
  custom:audio-encoder-webm-vorbis: bf7c407c2cedff20999df2af8eb42d56 -> 
========================================================================
Received Prepare
Registering precompiled user dll's ...
Registered in 0.005227 seconds.
Begin MonoManager ReloadAssembly
Native extension for WindowsStandalone target not found
Refreshing native plugins compatible for Editor in 0.66 ms, found 6 plugins.
Preloading 0 native plugins for Editor in 0.00 ms.
Mono: successfully reloaded assembly
- Completed reload, in  1.547 seconds
Platform modules already initialized, skipping
Refreshing native plugins compatible for Editor in 1.34 ms, found 6 plugins.
Preloading 0 native plugins for Editor in 0.00 ms.
Unloading 2396 Unused Serialized files (Serialized files now loaded: 0)
System memory in use before: 109.0 MB.
System memory in use after: 109.1 MB.

Unloading 29 unused Assets to reduce memory usage. Loaded Objects now: 2913.
Total: 2.981600 ms (FindLiveObjects: 0.317500 ms CreateObjectMapping: 0.232800 ms MarkObjects: 2.261600 ms  DeleteObjects: 0.153100 ms)

AssetImportParameters requested are different than current active one (requested -> active):
  custom:framework-win-MediaFoundation: 216162199b28c13a410421893ffa2e32 -> 
  custom:video-decoder-ogg-theora: a1e56fd34408186e4bbccfd4996cb3dc -> 
  custom:container-muxer-webm: aa71ff27fc2769a1b78a27578f13a17b -> 
  custom:container-demuxer-webm: 4f35f7cbe854078d1ac9338744f61a02 -> 
  custom:container-demuxer-ogg: 62fdf1f143b41e24485cea50d1cbac27 -> 
  custom:video-encoder-webm-vp8: eb34c28f22e8b96e1ab97ce403110664 -> 
  custom:video-codec-MediaFoundation-h265: 746d11721c4dcdbdad8f713fa42b33f4 -> 
  custom:video-decoder-webm-vp8: 9c59270c3fd7afecdb556c50c9e8de78 -> 
  custom:audio-decoder-ogg-vorbis: bf7c407c2cedff20999df2af8eb42d56 -> 
  custom:audio-encoder-webm-vorbis: bf7c407c2cedff20999df2af8eb42d56 -> 
AssetImportWorkerClient::OnTransportError - code=2 error=End of file
